<?xml version="1.0" encoding="UTF-8"?>
<!-- Generated by org.testng.reporters.JUnitReportReporter -->
<testsuite skipped="0" hostname="IN-srilathay.local" name="testrunner.TestOne" tests="2" failures="0" timestamp="17 Apr 2019 14:08:52 GMT" time="0.009" errors="0">
  <testcase name="testone" time="0.009" classname="testrunner.TestOne"/>
  <testcase name="testtwo" time="0.000" classname="testrunner.TestOne"/>
</testsuite> <!-- testrunner.TestOne -->
